0 info it worked if it ends with ok
1 verbose cli [ 'c:\\Program Files\\nodejs\\node.exe',
1 verbose cli   'c:\\Program Files\\nodejs\\node_modules\\npm\\bin\\npm-cli.js',
1 verbose cli   'install',
1 verbose cli   '-G',
1 verbose cli   'grunt-watch' ]
2 info using npm@1.4.28
3 info using node@v0.10.35
4 verbose readDependencies using package.json deps
5 verbose cache add [ 'grunt-watch', null ]
6 verbose cache add name=undefined spec="grunt-watch" args=["grunt-watch",null]
7 verbose parsed url { protocol: null,
7 verbose parsed url   slashes: null,
7 verbose parsed url   auth: null,
7 verbose parsed url   host: null,
7 verbose parsed url   port: null,
7 verbose parsed url   hostname: null,
7 verbose parsed url   hash: null,
7 verbose parsed url   search: null,
7 verbose parsed url   query: null,
7 verbose parsed url   pathname: 'grunt-watch',
7 verbose parsed url   path: 'grunt-watch',
7 verbose parsed url   href: 'grunt-watch' }
8 silly lockFile b55ee5b3-grunt-watch grunt-watch
9 verbose lock grunt-watch C:\Users\Mark\AppData\Roaming\npm-cache\b55ee5b3-grunt-watch.lock
10 silly lockFile b55ee5b3-grunt-watch grunt-watch
11 silly lockFile b55ee5b3-grunt-watch grunt-watch
12 verbose addNamed [ 'grunt-watch', '' ]
13 verbose addNamed [ null, '*' ]
14 silly lockFile 22e69730-grunt-watch grunt-watch@
15 verbose lock grunt-watch@ C:\Users\Mark\AppData\Roaming\npm-cache\22e69730-grunt-watch.lock
16 silly addNameRange { name: 'grunt-watch', range: '*', hasData: false }
17 verbose request where is /grunt-watch
18 verbose request registry https://registry.npmjs.org/
19 verbose request id 859284b53e66f249
20 verbose url raw /grunt-watch
21 verbose url resolving [ 'https://registry.npmjs.org/', './grunt-watch' ]
22 verbose url resolved https://registry.npmjs.org/grunt-watch
23 verbose request where is https://registry.npmjs.org/grunt-watch
24 info trying registry request attempt 1 at 22:59:07
25 http GET https://registry.npmjs.org/grunt-watch
26 http 404 https://registry.npmjs.org/grunt-watch
27 verbose headers { date: 'Mon, 23 Feb 2015 22:59:06 GMT',
27 verbose headers   server: 'CouchDB/1.6.1 (Erlang OTP/R14B04)',
27 verbose headers   'content-type': 'application/json',
27 verbose headers   'cache-control': 'max-age=0',
27 verbose headers   'content-length': '52',
27 verbose headers   'accept-ranges': 'bytes',
27 verbose headers   via: '1.1 varnish',
27 verbose headers   age: '0',
27 verbose headers   'x-served-by': 'cache-lcy1134-LCY',
27 verbose headers   'x-cache': 'MISS',
27 verbose headers   'x-cache-hits': '0',
27 verbose headers   'x-timer': 'S1424732345.791018,VS0,VE355',
27 verbose headers   'keep-alive': 'timeout=10, max=50',
27 verbose headers   connection: 'Keep-Alive' }
28 silly registry.get cb [ 404,
28 silly registry.get   { date: 'Mon, 23 Feb 2015 22:59:06 GMT',
28 silly registry.get     server: 'CouchDB/1.6.1 (Erlang OTP/R14B04)',
28 silly registry.get     'content-type': 'application/json',
28 silly registry.get     'cache-control': 'max-age=0',
28 silly registry.get     'content-length': '52',
28 silly registry.get     'accept-ranges': 'bytes',
28 silly registry.get     via: '1.1 varnish',
28 silly registry.get     age: '0',
28 silly registry.get     'x-served-by': 'cache-lcy1134-LCY',
28 silly registry.get     'x-cache': 'MISS',
28 silly registry.get     'x-cache-hits': '0',
28 silly registry.get     'x-timer': 'S1424732345.791018,VS0,VE355',
28 silly registry.get     'keep-alive': 'timeout=10, max=50',
28 silly registry.get     connection: 'Keep-Alive' } ]
29 silly lockFile 22e69730-grunt-watch grunt-watch@
30 silly lockFile 22e69730-grunt-watch grunt-watch@
31 error 404 404 Not Found: grunt-watch
31 error 404
31 error 404 'grunt-watch' is not in the npm registry.
31 error 404 You should bug the author to publish it
31 error 404 It was specified as a dependency of 'board-flow-simulation'
31 error 404
31 error 404 Note that you can also install from a
31 error 404 tarball, folder, or http url, or git url.
32 error System Windows_NT 6.1.7601
33 error command "c:\\Program Files\\nodejs\\node.exe" "c:\\Program Files\\nodejs\\node_modules\\npm\\bin\\npm-cli.js" "install" "-G" "grunt-watch"
34 error cwd c:\src\board-simulation
35 error node -v v0.10.35
36 error npm -v 1.4.28
37 error code E404
38 verbose exit [ 1, true ]
